#
# There is insufficient memory for the Java Runtime Environment to continue.
# Native memory allocation (malloc) failed to allocate 393776 bytes for Chunk::new
# Possible reasons:
#   The system is out of physical RAM or swap space
#   In 32 bit mode, the process size limit was hit
# Possible solutions:
#   Reduce memory load on the system
#   Increase physical memory or swap space
#   Check if swap backing store is full
#   Use 64 bit Java on a 64 bit OS
#   Decrease Java heap size (-Xmx/-Xms)
#   Decrease number of Java threads
#   Decrease Java thread stack sizes (-Xss)
#   Set larger code cache with -XX:ReservedCodeCacheSize=
# This output file may be truncated or incomplete.
#
#  Out of Memory Error (allocation.cpp:390), pid=19772, tid=0x00000000000029a0
#
# JRE version: Java(TM) SE Runtime Environment (8.0_172-b11) (build 1.8.0_172-b11)
# Java VM: Java HotSpot(TM) 64-Bit Server VM (25.172-b11 mixed mode windows-amd64 compressed oops)
# Failed to write core dump. Minidumps are not enabled by default on client versions of Windows
#

---------------  T H R E A D  ---------------

Current thread (0x000000001ca8a800):  JavaThread "C2 CompilerThread0" daemon [_thread_in_native, id=10656, stack(0x000000001e3d0000,0x000000001e4d0000)]

Stack: [0x000000001e3d0000,0x000000001e4d0000]
[error occurred during error reporting (printing stack bounds), id 0xc0000005]

Native frames: (J=compiled Java code, j=interpreted, Vv=VM code, C=native code)


Current CompileTask:
C2:   5315 3656   !   4       org.springframework.util.ClassUtils::getMostSpecificMethod (76 bytes)


---------------  P R O C E S S  ---------------

Java Threads: ( => current thread )
  0x00000000222b0000 JavaThread "localhost-startStop-1" daemon [_thread_in_Java, id=5876, stack(0x00000000246f0000,0x00000000247f0000)]
  0x00000000222af000 JavaThread "Tomcat-startStop-1" daemon [_thread_blocked, id=17536, stack(0x0000000023610000,0x0000000023710000)]
  0x000000001cabe000 JavaThread "Service Thread" daemon [_thread_blocked, id=22244, stack(0x000000001e6d0000,0x000000001e7d0000)]
  0x000000001ca9a000 JavaThread "C1 CompilerThread2" daemon [_thread_blocked, id=22488, stack(0x000000001e5d0000,0x000000001e6d0000)]
  0x000000001ca8c000 JavaThread "C2 CompilerThread1" daemon [_thread_in_native, id=3712, stack(0x000000001e4d0000,0x000000001e5d0000)]
=>0x000000001ca8a800 JavaThread "C2 CompilerThread0" daemon [_thread_in_native, id=10656, stack(0x000000001e3d0000,0x000000001e4d0000)]
  0x000000001de13800 JavaThread "Attach Listener" daemon [_thread_blocked, id=21876, stack(0x000000001e2d0000,0x000000001e3d0000)]
  0x000000001ca75000 JavaThread "Signal Dispatcher" daemon [_thread_blocked, id=21936, stack(0x000000001e1d0000,0x000000001e2d0000)]
  0x000000000344b000 JavaThread "Finalizer" daemon [_thread_blocked, id=18348, stack(0x000000001dcd0000,0x000000001ddd0000)]
  0x0000000003448000 JavaThread "Reference Handler" daemon [_thread_blocked, id=5220, stack(0x000000001dbd0000,0x000000001dcd0000)]
  0x0000000003357800 JavaThread "main" [_thread_blocked, id=8880, stack(0x0000000003250000,0x0000000003350000)]

Other Threads:
  0x000000001ca27000 VMThread [stack: 0x000000001dad0000,0x000000001dbd0000] [id=20392]
  0x000000001dea9800 WatcherThread [stack: 0x000000001e7d0000,0x000000001e8d0000] [id=19736]

VM state:not at safepoint (normal execution)

VM Mutex/Monitor currently owned by a thread: None

Heap:
 PSYoungGen      total 112128K, used 80098K [0x000000076b180000, 0x0000000772a00000, 0x00000007c0000000)
  eden space 101376K, 69% used [0x000000076b180000,0x000000076f606a50,0x0000000771480000)
  from space 10752K, 92% used [0x0000000771480000,0x0000000771e31db0,0x0000000771f00000)
  to   space 11264K, 0% used [0x0000000771f00000,0x0000000771f00000,0x0000000772a00000)
 ParOldGen       total 100352K, used 7372K [0x00000006c1400000, 0x00000006c7600000, 0x000000076b180000)
  object space 100352K, 7% used [0x00000006c1400000,0x00000006c1b330a0,0x00000006c7600000)
 Metaspace       used 32431K, capacity 32820K, committed 33152K, reserved 1079296K
  class space    used 3993K, capacity 4103K, committed 4224K, reserved 1048576K

Card table byte_map: [0x0000000012810000,0x0000000013010000] byte_map_base: 0x000000000f206000

Marking Bits: (ParMarkBitMap*) 0x000000006b4c3c10
 Begin Bits: [0x0000000013960000, 0x0000000017910000)
 End Bits:   [0x0000000017910000, 0x000000001b8c0000)

Polling page: 0x0000000002c80000

CodeCache: size=245760Kb used=13913Kb max_used=13913Kb free=231846Kb
 bounds [0x0000000003450000, 0x0000000004200000, 0x0000000012450000]
 total_blobs=4073 nmethods=3662 adapters=323
 compilation: enabled

Compilation events (10 events):
Event: 5.293 Thread 0x000000001ca9a000 3691       3       org.springframework.cglib.core.ReflectUtils$6::getModifiers (8 bytes)
Event: 5.293 Thread 0x000000001ca9a000 nmethod 3691 0x00000000041eb950 code [0x00000000041ebac0, 0x00000000041ebce8]
Event: 5.296 Thread 0x000000001ca9a000 3692       1       org.apache.catalina.LifecycleState::isAvailable (5 bytes)
Event: 5.296 Thread 0x000000001ca9a000 nmethod 3692 0x00000000041ebd90 code [0x00000000041ebee0, 0x00000000041ebff0]
Event: 5.297 Thread 0x000000001ca9a000 3693       3       sun.reflect.generics.parser.SignatureParser::parseTypeArguments (109 bytes)
Event: 5.297 Thread 0x000000001ca9a000 nmethod 3693 0x00000000041ec050 code [0x00000000041ec300, 0x00000000041ed428]
Event: 5.312 Thread 0x000000001ca9a000 3694       3       java.lang.reflect.Executable::isSynthetic (8 bytes)
Event: 5.312 Thread 0x000000001ca9a000 nmethod 3694 0x00000000041edc50 code [0x00000000041eddc0, 0x00000000041ee088]
Event: 5.312 Thread 0x000000001ca9a000 3695       3       java.lang.reflect.Method::isSynthetic (5 bytes)
Event: 5.312 Thread 0x000000001ca9a000 nmethod 3695 0x00000000041ee150 code [0x00000000041ee2c0, 0x00000000041ee550]

GC Heap History (10 events):
Event: 2.152 GC heap before
{Heap before GC invocations=4 (full 1):
 PSYoungGen      total 76288K, used 7463K [0x000000076b180000, 0x0000000770680000, 0x00000007c0000000)
  eden space 65536K, 0% used [0x000000076b180000,0x000000076b180000,0x000000076f180000)
  from space 10752K, 69% used [0x000000076f180000,0x000000076f8c9e80,0x000000076fc00000)
  to   space 10752K, 0% used [0x000000076fc00000,0x000000076fc00000,0x0000000770680000)
 ParOldGen       total 175104K, used 96K [0x00000006c1400000, 0x00000006cbf00000, 0x000000076b180000)
  object space 175104K, 0% used [0x00000006c1400000,0x00000006c1418010,0x00000006cbf00000)
 Metaspace       used 20930K, capacity 21166K, committed 21296K, reserved 1069056K
  class space    used 2572K, capacity 2662K, committed 2688K, reserved 1048576K
Event: 2.180 GC heap after
Heap after GC invocations=4 (full 1):
 PSYoungGen      total 76288K, used 0K [0x000000076b180000, 0x0000000770680000, 0x00000007c0000000)
  eden space 65536K, 0% used [0x000000076b180000,0x000000076b180000,0x000000076f180000)
  from space 10752K, 0% used [0x000000076f180000,0x000000076f180000,0x000000076fc00000)
  to   space 10752K, 0% used [0x000000076fc00000,0x000000076fc00000,0x0000000770680000)
 ParOldGen       total 100352K, used 7348K [0x00000006c1400000, 0x00000006c7600000, 0x000000076b180000)
  object space 100352K, 7% used [0x00000006c1400000,0x00000006c1b2d0a0,0x00000006c7600000)
 Metaspace       used 20930K, capacity 21166K, committed 21296K, reserved 1069056K
  class space    used 2572K, capacity 2662K, committed 2688K, reserved 1048576K
}
Event: 3.159 GC heap before
{Heap before GC invocations=5 (full 1):
 PSYoungGen      total 76288K, used 65536K [0x000000076b180000, 0x0000000770680000, 0x00000007c0000000)
  eden space 65536K, 100% used [0x000000076b180000,0x000000076f180000,0x000000076f180000)
  from space 10752K, 0% used [0x000000076f180000,0x000000076f180000,0x000000076fc00000)
  to   space 10752K, 0% used [0x000000076fc00000,0x000000076fc00000,0x0000000770680000)
 ParOldGen       total 100352K, used 7348K [0x00000006c1400000, 0x00000006c7600000, 0x000000076b180000)
  object space 100352K, 7% used [0x00000006c1400000,0x00000006c1b2d0a0,0x00000006c7600000)
 Metaspace       used 22607K, capacity 22880K, committed 23088K, reserved 1069056K
  class space    used 2792K, capacity 2889K, committed 2944K, reserved 1048576K
Event: 3.163 GC heap after
Heap after GC invocations=5 (full 1):
 PSYoungGen      total 76288K, used 3681K [0x000000076b180000, 0x0000000772900000, 0x00000007c0000000)
  eden space 65536K, 0% used [0x000000076b180000,0x000000076b180000,0x000000076f180000)
  from space 10752K, 34% used [0x000000076fc00000,0x000000076ff98658,0x0000000770680000)
  to   space 10752K, 0% used [0x000000076f180000,0x000000076f180000,0x000000076fc00000)
 ParOldGen       total 100352K, used 7356K [0x00000006c1400000, 0x00000006c7600000, 0x000000076b180000)
  object space 100352K, 7% used [0x00000006c1400000,0x00000006c1b2f0a0,0x00000006c7600000)
 Metaspace       used 22607K, capacity 22880K, committed 23088K, reserved 1069056K
  class space    used 2792K, capacity 2889K, committed 2944K, reserved 1048576K
}
Event: 3.349 GC heap before
{Heap before GC invocations=6 (full 1):
 PSYoungGen      total 76288K, used 69217K [0x000000076b180000, 0x0000000772900000, 0x00000007c0000000)
  eden space 65536K, 100% used [0x000000076b180000,0x000000076f180000,0x000000076f180000)
  from space 10752K, 34% used [0x000000076fc00000,0x000000076ff98658,0x0000000770680000)
  to   space 10752K, 0% used [0x000000076f180000,0x000000076f180000,0x000000076fc00000)
 ParOldGen       total 100352K, used 7356K [0x00000006c1400000, 0x00000006c7600000, 0x000000076b180000)
  object space 100352K, 7% used [0x00000006c1400000,0x00000006c1b2f0a0,0x00000006c7600000)
 Metaspace       used 23088K, capacity 23390K, committed 23680K, reserved 1071104K
  class space    used 2850K, capacity 2926K, committed 2944K, reserved 1048576K
Event: 3.352 GC heap after
Heap after GC invocations=6 (full 1):
 PSYoungGen      total 76288K, used 3515K [0x000000076b180000, 0x0000000772a00000, 0x00000007c0000000)
  eden space 65536K, 0% used [0x000000076b180000,0x000000076b180000,0x000000076f180000)
  from space 10752K, 32% used [0x000000076f180000,0x000000076f4eefa0,0x000000076fc00000)
  to   space 11264K, 0% used [0x0000000771f00000,0x0000000771f00000,0x0000000772a00000)
 ParOldGen       total 100352K, used 7364K [0x00000006c1400000, 0x00000006c7600000, 0x000000076b180000)
  object space 100352K, 7% used [0x00000006c1400000,0x00000006c1b310a0,0x00000006c7600000)
 Metaspace       used 23088K, capacity 23390K, committed 23680K, reserved 1071104K
  class space    used 2850K, capacity 2926K, committed 2944K, reserved 1048576K
}
Event: 3.645 GC heap before
{Heap before GC invocations=7 (full 1):
 PSYoungGen      total 76288K, used 69051K [0x000000076b180000, 0x0000000772a00000, 0x00000007c0000000)
  eden space 65536K, 100% used [0x000000076b180000,0x000000076f180000,0x000000076f180000)
  from space 10752K, 32% used [0x000000076f180000,0x000000076f4eefa0,0x000000076fc00000)
  to   space 11264K, 0% used [0x0000000771f00000,0x0000000771f00000,0x0000000772a00000)
 ParOldGen       total 100352K, used 7364K [0x00000006c1400000, 0x00000006c7600000, 0x000000076b180000)
  object space 100352K, 7% used [0x00000006c1400000,0x00000006c1b310a0,0x00000006c7600000)
 Metaspace       used 24687K, capacity 25026K, committed 25216K, reserved 1071104K
  class space    used 3087K, capacity 3188K, committed 3200K, reserved 1048576K
Event: 3.651 GC heap after
Heap after GC invocations=7 (full 1):
 PSYoungGen      total 112640K, used 5860K [0x000000076b180000, 0x0000000772a00000, 0x00000007c0000000)
  eden space 101376K, 0% used [0x000000076b180000,0x000000076b180000,0x0000000771480000)
  from space 11264K, 52% used [0x0000000771f00000,0x00000007724b9120,0x0000000772a00000)
  to   space 10752K, 0% used [0x0000000771480000,0x0000000771480000,0x0000000771f00000)
 ParOldGen       total 100352K, used 7364K [0x00000006c1400000, 0x00000006c7600000, 0x000000076b180000)
  object space 100352K, 7% used [0x00000006c1400000,0x00000006c1b310a0,0x00000006c7600000)
 Metaspace       used 24687K, capacity 25026K, committed 25216K, reserved 1071104K
  class space    used 3087K, capacity 3188K, committed 3200K, reserved 1048576K
}
Event: 4.285 GC heap before
{Heap before GC invocations=8 (full 1):
 PSYoungGen      total 112640K, used 107236K [0x000000076b180000, 0x0000000772a00000, 0x00000007c0000000)
  eden space 101376K, 100% used [0x000000076b180000,0x0000000771480000,0x0000000771480000)
  from space 11264K, 52% used [0x0000000771f00000,0x00000007724b9120,0x0000000772a00000)
  to   space 10752K, 0% used [0x0000000771480000,0x0000000771480000,0x0000000771f00000)
 ParOldGen       total 100352K, used 7364K [0x00000006c1400000, 0x00000006c7600000, 0x000000076b180000)
  object space 100352K, 7% used [0x00000006c1400000,0x00000006c1b310a0,0x00000006c7600000)
 Metaspace       used 29338K, capacity 29730K, committed 30208K, reserved 1075200K
  class space    used 3612K, capacity 3716K, committed 3840K, reserved 1048576K
Event: 4.293 GC heap after
Heap after GC invocations=8 (full 1):
 PSYoungGen      total 112128K, used 9927K [0x000000076b180000, 0x0000000772a00000, 0x00000007c0000000)
  eden space 101376K, 0% used [0x000000076b180000,0x000000076b180000,0x0000000771480000)
  from space 10752K, 92% used [0x0000000771480000,0x0000000771e31db0,0x0000000771f00000)
  to   space 11264K, 0% used [0x0000000771f00000,0x0000000771f00000,0x0000000772a00000)
 ParOldGen       total 100352K, used 7372K [0x00000006c1400000, 0x00000006c7600000, 0x000000076b180000)
  object space 100352K, 7% used [0x00000006c1400000,0x00000006c1b330a0,0x00000006c7600000)
 Metaspace       used 29338K, capacity 29730K, committed 30208K, reserved 1075200K
  class space    used 3612K, capacity 3716K, committed 3840K, reserved 1048576K
}

Deoptimization events (10 events):
Event: 5.045 Thread 0x00000000222b0000 Uncommon trap: reason=class_check action=maybe_recompile pc=0x0000000003ac3b40 method=java.util.zip.InflaterInputStream.read([BII)I @ 100
Event: 5.046 Thread 0x00000000222b0000 Uncommon trap: reason=class_check action=maybe_recompile pc=0x0000000003ac3b40 method=java.util.zip.InflaterInputStream.read([BII)I @ 100
Event: 5.046 Thread 0x00000000222b0000 Uncommon trap: reason=class_check action=maybe_recompile pc=0x0000000003ac3b40 method=java.util.zip.InflaterInputStream.read([BII)I @ 100
Event: 5.047 Thread 0x00000000222b0000 Uncommon trap: reason=class_check action=maybe_recompile pc=0x0000000003ac3b40 method=java.util.zip.InflaterInputStream.read([BII)I @ 100
Event: 5.056 Thread 0x00000000222b0000 Uncommon trap: reason=unstable_if action=reinterpret pc=0x0000000003ccc3c8 method=java.util.jar.Manifest$FastInputStream.readLine([BII)I @ 87
Event: 5.095 Thread 0x00000000222b0000 Uncommon trap: reason=unstable_if action=reinterpret pc=0x0000000003573f18 method=java.util.jar.Attributes$Name.isAlpha(C)Z @ 21
Event: 5.254 Thread 0x00000000222b0000 Uncommon trap: reason=unstable_if action=reinterpret pc=0x0000000003bf40a0 method=java.util.Properties$LineReader.readLine()I @ 180
Event: 5.254 Thread 0x00000000222b0000 Uncommon trap: reason=unstable_if action=reinterpret pc=0x0000000003bac3cc method=java.util.Properties$LineReader.readLine()I @ 180
Event: 5.266 Thread 0x00000000222b0000 Uncommon trap: reason=unstable_if action=reinterpret pc=0x0000000003caaf68 method=org.springframework.util.ConcurrentReferenceHashMap$Segment.findInChain(Lorg/springframework/util/ConcurrentReferenceHashMap$Reference;Ljava/lang/Object;I)Lorg/springframewo
Event: 5.266 Thread 0x00000000222b0000 Uncommon trap: reason=unstable_if action=reinterpret pc=0x0000000003c484ec method=org.springframework.util.ConcurrentReferenceHashMap$Segment.findInChain(Lorg/springframework/util/ConcurrentReferenceHashMap$Reference;Ljava/lang/Object;I)Lorg/springframewo

Classes redefined (0 events):
No events

Internal exceptions (10 events):
Event: 5.274 Thread 0x00000000222b0000 Exception <a 'java/lang/ClassNotFoundException': java/io/SerializableCustomizer> (0x000000076ee2fbc0) thrown at [C:\re\workspace\8-2-build-windows-amd64-cygwin\jdk8u172\10810\hotspot\src\share\vm\classfile\systemDictionary.cpp, line 210]
Event: 5.295 Thread 0x00000000222b0000 Exception <a 'java/lang/ClassNotFoundException': java/lang/ObjectCustomizer> (0x000000076f311ec8) thrown at [C:\re\workspace\8-2-build-windows-amd64-cygwin\jdk8u172\10810\hotspot\src\share\vm\classfile\systemDictionary.cpp, line 210]
Event: 5.297 Thread 0x00000000222b0000 Exception <a 'java/lang/ClassNotFoundException': org/springframework/boot/web/servlet/RegistrationBeanCustomizer> (0x000000076f3367b0) thrown at [C:\re\workspace\8-2-build-windows-amd64-cygwin\jdk8u172\10810\hotspot\src\share\vm\classfile\systemDictionary
Event: 5.300 Thread 0x00000000222b0000 Exception <a 'java/lang/ClassNotFoundException': org/springframework/boot/web/servlet/ServletRegistrationBeanCustomizer> (0x000000076f368980) thrown at [C:\re\workspace\8-2-build-windows-amd64-cygwin\jdk8u172\10810\hotspot\src\share\vm\classfile\systemDic
Event: 5.302 Thread 0x00000000222b0000 Exception <a 'java/lang/ClassNotFoundException': org/springframework/boot/web/servlet/ServletContextInitializerCustomizer> (0x000000076f3a19e8) thrown at [C:\re\workspace\8-2-build-windows-amd64-cygwin\jdk8u172\10810\hotspot\src\share\vm\classfile\systemD
Event: 5.303 Thread 0x00000000222b0000 Exception <a 'java/lang/ClassNotFoundException': org/springframework/core/OrderedCustomizer> (0x000000076f3bb160) thrown at [C:\re\workspace\8-2-build-windows-amd64-cygwin\jdk8u172\10810\hotspot\src\share\vm\classfile\systemDictionary.cpp, line 210]
Event: 5.309 Thread 0x00000000222b0000 Exception <a 'java/lang/ClassNotFoundException': java/lang/ObjectCustomizer> (0x000000076f492fb8) thrown at [C:\re\workspace\8-2-build-windows-amd64-cygwin\jdk8u172\10810\hotspot\src\share\vm\classfile\systemDictionary.cpp, line 210]
Event: 5.310 Thread 0x00000000222b0000 Exception <a 'java/lang/ClassNotFoundException': org/springframework/cloud/sleuth/instrument/web/TraceWebAutoConfigurationCustomizer> (0x000000076f4bf330) thrown at [C:\re\workspace\8-2-build-windows-amd64-cygwin\jdk8u172\10810\hotspot\src\share\vm\classf
Event: 5.312 Thread 0x00000000222b0000 Exception <a 'java/lang/ClassNotFoundException': org/springframework/cloud/sleuth/instrument/web/TraceWebAutoConfiguration$$EnhancerBySpringCGLIB$$fb2e31ceCustomizer> (0x000000076f4f8578) thrown at [C:\re\workspace\8-2-build-windows-amd64-cygwin\jdk8u172\
Event: 5.313 Thread 0x00000000222b0000 Exception <a 'java/lang/ClassNotFoundException': org/springframework/context/annotation/ConfigurationClassEnhancer$EnhancedConfigurationCustomizer> (0x000000076f5334a0) thrown at [C:\re\workspace\8-2-build-windows-amd64-cygwin\jdk8u172\10810\hotspot\src\s

Events (10 events):
Event: 5.311 loading class org/springframework/cloud/sleuth/instrument/web/TraceWebAutoConfiguration$$EnhancerBySpringCGLIB$$fb2e31ceCustomizer
Event: 5.311 loading class org/springframework/cloud/sleuth/instrument/web/TraceWebAutoConfiguration$$EnhancerBySpringCGLIB$$fb2e31ceCustomizer done
Event: 5.312 loading class org/springframework/cloud/sleuth/instrument/web/TraceWebAutoConfiguration$$EnhancerBySpringCGLIB$$fb2e31ceCustomizer
Event: 5.312 loading class org/springframework/cloud/sleuth/instrument/web/TraceWebAutoConfiguration$$EnhancerBySpringCGLIB$$fb2e31ceCustomizer done
Event: 5.312 loading class org/springframework/context/annotation/ConfigurationClassEnhancer$EnhancedConfigurationCustomizer
Event: 5.312 loading class org/springframework/context/annotation/ConfigurationClassEnhancer$EnhancedConfigurationCustomizer done
Event: 5.312 loading class org/springframework/context/annotation/ConfigurationClassEnhancer$EnhancedConfigurationCustomizer
Event: 5.312 loading class org/springframework/context/annotation/ConfigurationClassEnhancer$EnhancedConfigurationCustomizer done
Event: 5.313 loading class org/springframework/context/annotation/ConfigurationClassEnhancer$EnhancedConfigurationCustomizer
Event: 5.313 loading class org/springframework/context/annotation/ConfigurationClassEnhancer$EnhancedConfigurationCustomizer done


Dynamic libraries:
0x00007ff76b110000 - 0x00007ff76b147000 	C:\Program Files\Java\jdk1.8.0_172\bin\javaw.exe
0x00007ff9bf210000 - 0x00007ff9bf3fd000 	C:\WINDOWS\SYSTEM32\ntdll.dll
0x00007ff9bd440000 - 0x00007ff9bd4f3000 	C:\WINDOWS\System32\KERNEL32.DLL
0x00007ff9bb2e0000 - 0x00007ff9bb573000 	C:\WINDOWS\System32\KERNELBASE.dll
0x00007ff9bc670000 - 0x00007ff9bc713000 	C:\WINDOWS\System32\ADVAPI32.dll
0x00007ff9beda0000 - 0x00007ff9bee3e000 	C:\WINDOWS\System32\msvcrt.dll
0x00007ff9bd160000 - 0x00007ff9bd1fe000 	C:\WINDOWS\System32\sechost.dll
0x00007ff9bd500000 - 0x00007ff9bd622000 	C:\WINDOWS\System32\RPCRT4.dll
0x00007ff9bd2a0000 - 0x00007ff9bd437000 	C:\WINDOWS\System32\USER32.dll
0x00007ff9bc1e0000 - 0x00007ff9bc200000 	C:\WINDOWS\System32\win32u.dll
0x00007ff9bd130000 - 0x00007ff9bd159000 	C:\WINDOWS\System32\GDI32.dll
0x00007ff9bc2a0000 - 0x00007ff9bc43a000 	C:\WINDOWS\System32\gdi32full.dll
0x00007ff9bc200000 - 0x00007ff9bc2a0000 	C:\WINDOWS\System32\msvcp_win.dll
0x00007ff9bc060000 - 0x00007ff9bc15a000 	C:\WINDOWS\System32\ucrtbase.dll
0x00007ff9af1b0000 - 0x00007ff9af429000 	C:\WINDOWS\WinSxS\amd64_microsoft.windows.common-controls_6595b64144ccf1df_6.0.17763.437_none_05b63dca071e5dd6\COMCTL32.dll
0x00007ff9bc780000 - 0x00007ff9bcaac000 	C:\WINDOWS\System32\combase.dll
0x00007ff9bc160000 - 0x00007ff9bc1de000 	C:\WINDOWS\System32\bcryptPrimitives.dll
0x00007ff9bc570000 - 0x00007ff9bc59e000 	C:\WINDOWS\System32\IMM32.DLL
0x000000006aaf0000 - 0x000000006abc2000 	C:\Program Files\Java\jdk1.8.0_172\jre\bin\msvcr100.dll
0x000000006aca0000 - 0x000000006b543000 	C:\Program Files\Java\jdk1.8.0_172\jre\bin\server\jvm.dll
0x00007ff9bd200000 - 0x00007ff9bd208000 	C:\WINDOWS\System32\PSAPI.DLL
0x00007ff9aee90000 - 0x00007ff9aee99000 	C:\WINDOWS\SYSTEM32\WSOCK32.dll
0x00007ff9b2730000 - 0x00007ff9b273a000 	C:\WINDOWS\SYSTEM32\VERSION.dll
0x00007ff9b9370000 - 0x00007ff9b9394000 	C:\WINDOWS\SYSTEM32\WINMM.dll
0x00007ff9bcab0000 - 0x00007ff9bcb1d000 	C:\WINDOWS\System32\WS2_32.dll
0x00007ff9b9340000 - 0x00007ff9b936d000 	C:\WINDOWS\SYSTEM32\winmmbase.dll
0x00007ff9bc010000 - 0x00007ff9bc05a000 	C:\WINDOWS\System32\cfgmgr32.dll
0x000000006bbe0000 - 0x000000006bbef000 	C:\Program Files\Java\jdk1.8.0_172\jre\bin\verify.dll
0x000000006bbb0000 - 0x000000006bbd9000 	C:\Program Files\Java\jdk1.8.0_172\jre\bin\java.dll
0x000000006bb90000 - 0x000000006bba6000 	C:\Program Files\Java\jdk1.8.0_172\jre\bin\zip.dll
0x00007ff9bd8b0000 - 0x00007ff9beda0000 	C:\WINDOWS\System32\SHELL32.dll
0x00007ff9bd630000 - 0x00007ff9bd6d8000 	C:\WINDOWS\System32\shcore.dll
0x00007ff9bb7c0000 - 0x00007ff9bbf0a000 	C:\WINDOWS\System32\windows.storage.dll
0x00007ff9bb2b0000 - 0x00007ff9bb2d4000 	C:\WINDOWS\System32\profapi.dll
0x00007ff9bb250000 - 0x00007ff9bb2ad000 	C:\WINDOWS\System32\powrprof.dll
0x00007ff9bd6e0000 - 0x00007ff9bd732000 	C:\WINDOWS\System32\shlwapi.dll
0x00007ff9bb210000 - 0x00007ff9bb221000 	C:\WINDOWS\System32\kernel.appcore.dll
0x00007ff9bbf10000 - 0x00007ff9bbf27000 	C:\WINDOWS\System32\cryptsp.dll
0x000000006bb70000 - 0x000000006bb8a000 	C:\Program Files\Java\jdk1.8.0_172\jre\bin\net.dll
0x00007ff9baa00000 - 0x00007ff9baa67000 	C:\WINDOWS\system32\mswsock.dll
0x00007ff9ba760000 - 0x00007ff9ba79d000 	C:\WINDOWS\SYSTEM32\IPHLPAPI.DLL
0x00007ff9beec0000 - 0x00007ff9beec8000 	C:\WINDOWS\System32\NSI.dll
0x00007ff9b30a0000 - 0x00007ff9b30b6000 	C:\WINDOWS\SYSTEM32\dhcpcsvc6.DLL
0x00007ff9b3030000 - 0x00007ff9b304c000 	C:\WINDOWS\SYSTEM32\dhcpcsvc.DLL
0x00007ff9ba7a0000 - 0x00007ff9ba866000 	C:\WINDOWS\SYSTEM32\DNSAPI.dll
0x00007ff9b0ef0000 - 0x00007ff9b0efa000 	C:\Windows\System32\rasadhlp.dll
0x000000006b9e0000 - 0x000000006b9ed000 	C:\Program Files\Java\jdk1.8.0_172\jre\bin\management.dll
0x00007ff9acfd0000 - 0x00007ff9acfe6000 	C:\WINDOWS\system32\napinsp.dll
0x00007ff9acfb0000 - 0x00007ff9acfca000 	C:\WINDOWS\system32\pnrpnsp.dll
0x00007ff9acf60000 - 0x00007ff9acf6e000 	C:\WINDOWS\System32\winrnr.dll
0x00007ff9b7aa0000 - 0x00007ff9b7abb000 	C:\WINDOWS\system32\NLAapi.dll
0x00007ff9acf40000 - 0x00007ff9acf55000 	C:\WINDOWS\system32\wshbth.dll
0x00007ff9b2dc0000 - 0x00007ff9b2e39000 	C:\WINDOWS\System32\fwpuclnt.dll
0x00007ff9bbfe0000 - 0x00007ff9bc006000 	C:\WINDOWS\System32\bcrypt.dll
0x000000006bb50000 - 0x000000006bb61000 	C:\Program Files\Java\jdk1.8.0_172\jre\bin\nio.dll
0x00007ff9ba5c0000 - 0x00007ff9ba5f3000 	C:\WINDOWS\system32\rsaenh.dll
0x00007ff9bb140000 - 0x00007ff9bb168000 	C:\WINDOWS\SYSTEM32\USERENV.dll
0x00007ff9babd0000 - 0x00007ff9babdc000 	C:\WINDOWS\SYSTEM32\CRYPTBASE.dll

VM Arguments:
jvm_args: -Dfile.encoding=UTF-8 
java_command: com.neo.ProducerApplication
java_class_path (initial): D:\GitHub\spring-cloud-examples\spring-cloud-sleuth-zipkin\spring-cloud-producer\target\classes;C:\Users\dingjianmin\.m2\repository\org\springframework\cloud\spring-cloud-starter-eureka\1.4.2.RELEASE\spring-cloud-starter-eureka-1.4.2.RELEASE.jar;C:\Users\dingjianmin\.m2\repository\org\springframework\cloud\spring-cloud-starter-netflix-eureka-client\1.4.2.RELEASE\spring-cloud-starter-netflix-eureka-client-1.4.2.RELEASE.jar;C:\Users\dingjianmin\.m2\repository\org\springframework\boot\spring-boot-starter-web\1.5.9.RELEASE\spring-boot-starter-web-1.5.9.RELEASE.jar;C:\Users\dingjianmin\.m2\repository\org\springframework\boot\spring-boot-starter\1.5.9.RELEASE\spring-boot-starter-1.5.9.RELEASE.jar;C:\Users\dingjianmin\.m2\repository\org\springframework\boot\spring-boot-starter-logging\1.5.9.RELEASE\spring-boot-starter-logging-1.5.9.RELEASE.jar;C:\Users\dingjianmin\.m2\repository\ch\qos\logback\logback-classic\1.1.11\logback-classic-1.1.11.jar;C:\Users\dingjianmin\.m2\repository\ch\qos\logback\logback-core\1.1.11\logback-core-1.1.11.jar;C:\Users\dingjianmin\.m2\repository\org\slf4j\jcl-over-slf4j\1.7.25\jcl-over-slf4j-1.7.25.jar;C:\Users\dingjianmin\.m2\repository\org\slf4j\jul-to-slf4j\1.7.25\jul-to-slf4j-1.7.25.jar;C:\Users\dingjianmin\.m2\repository\org\slf4j\log4j-over-slf4j\1.7.25\log4j-over-slf4j-1.7.25.jar;C:\Users\dingjianmin\.m2\repository\org\yaml\snakeyaml\1.17\snakeyaml-1.17.jar;C:\Users\dingjianmin\.m2\repository\org\springframework\boot\spring-boot-starter-tomcat\1.5.9.RELEASE\spring-boot-starter-tomcat-1.5.9.RELEASE.jar;C:\Users\dingjianmin\.m2\repository\org\apache\tomcat\embed\tomcat-embed-core\8.5.23\tomcat-embed-core-8.5.23.jar;C:\Users\dingjianmin\.m2\repository\org\apache\tomcat\tomcat-annotations-api\8.5.23\tomcat-annotations-api-8.5.23.jar;C:\Users\dingjianmin\.m2\repository\org\apache\tomcat\embed\tomcat-embed-el\8.5.23\tomcat-embed-el-8.5.23.jar;C:\Users\dingjianmin\.m2\repository\org\apache\tomcat\embed\tomcat-embed-web
Launcher Type: SUN_STANDARD

Environment Variables:
JAVA_HOME=C:\Program Files\Java\jdk1.8.0_172
CLASSPATH=.;C:\Program Files\Java\jdk1.8.0_172\lib;C:\Program Files\Java\jdk1.8.0_172\lib\tools.jar
PATH=C:/Program Files/Java/jdk1.8.0_172/bin/../jre/bin/server;C:/Program Files/Java/jdk1.8.0_172/bin/../jre/bin;C:/Program Files/Java/jdk1.8.0_172/bin/../jre/lib/amd64;C:\WINDOWS\system32;C:\WINDOWS;C:\WINDOWS\System32\Wbem;C:\WINDOWS\System32\WindowsPowerShell\v1.0\;C:\Program Files\Java\jdk1.8.0_172\bin;C:\Program Files\Java\jdk1.8.0_172\jre\bin;D:\apache-maven-3.3.9\bin;D:\Git\Git\cmd;C:\Program Files\TortoiseSVN\bin;C:\Program Files (x86)\GitExtensions\;C:\WINDOWS\System32\OpenSSH\;D:\Mysql\mysql-5.6.40-winx64\bin;C:\Program Files\MySQL\MySQL Server 5.6\bin\;C:\Program Files\gradle-5.5.1\bin;C:\Users\dingjianmin\AppData\Local\Programs\Python\Python37\Scripts\;C:\Users\dingjianmin\AppData\Local\Programs\Python\Python37\;C:\Users\dingjianmin\AppData\Local\Microsoft\WindowsApps;;D:\fiddler2\Fiddler;%USERPROFILE%\AppData\Local\Microsoft\WindowsApps;D:\eclipse;
USERNAME=dingjianmin
OS=Windows_NT
PROCESSOR_IDENTIFIER=Intel64 Family 6 Model 60 Stepping 3, GenuineIntel



---------------  S Y S T E M  ---------------

OS: Windows 10.0 , 64 bit Build 17763 (10.0.17763.437)

CPU:total 4 (initial active 4) (4 cores per cpu, 1 threads per core) family 6 model 60 stepping 3, cmov, cx8, fxsr, mmx, sse, sse2, sse3, ssse3, sse4.1, sse4.2, popcnt, avx, avx2, aes, clmul, erms, lzcnt, tsc, tscinvbit, bmi1, bmi2

Memory: 4k page, physical 16693720k(4538492k free), swap 24445564k(0k free)

vm_info: Java HotSpot(TM) 64-Bit Server VM (25.172-b11) for windows-amd64 JRE (1.8.0_172-b11), built on Mar 28 2018 21:21:52 by "java_re" with MS VC++ 10.0 (VS2010)

time: Tue Jul 23 11:50:52 2019
elapsed time: 5 seconds (0d 0h 0m 5s)

