#
# There is insufficient memory for the Java Runtime Environment to continue.
# Native memory allocation (malloc) failed to allocate 1893264 bytes for Chunk::new
# Possible reasons:
#   The system is out of physical RAM or swap space
#   In 32 bit mode, the process size limit was hit
# Possible solutions:
#   Reduce memory load on the system
#   Increase physical memory or swap space
#   Check if swap backing store is full
#   Use 64 bit Java on a 64 bit OS
#   Decrease Java heap size (-Xmx/-Xms)
#   Decrease number of Java threads
#   Decrease Java thread stack sizes (-Xss)
#   Set larger code cache with -XX:ReservedCodeCacheSize=
# This output file may be truncated or incomplete.
#
#  Out of Memory Error (allocation.cpp:390), pid=10016, tid=0x00000000000026bc
#
# JRE version: Java(TM) SE Runtime Environment (8.0_172-b11) (build 1.8.0_172-b11)
# Java VM: Java HotSpot(TM) 64-Bit Server VM (25.172-b11 mixed mode windows-amd64 compressed oops)
# Failed to write core dump. Minidumps are not enabled by default on client versions of Windows
#

---------------  T H R E A D  ---------------

Current thread (0x000000001c96d800):  JavaThread "C2 CompilerThread1" daemon [_thread_in_native, id=9916, stack(0x000000001e3b0000,0x000000001e4b0000)]

Stack: [0x000000001e3b0000,0x000000001e4b0000]
[error occurred during error reporting (printing stack bounds), id 0xc0000005]

Native frames: (J=compiled Java code, j=interpreted, Vv=VM code, C=native code)


Current CompileTask:
C2:   8410 4299       4       org.springframework.asm.ClassReader::readCode (3579 bytes)


---------------  P R O C E S S  ---------------

Java Threads: ( => current thread )
  0x000000001eb63000 JavaThread "spring.cloud.inetutils" daemon [_thread_blocked, id=3944, stack(0x0000000024b10000,0x0000000024c10000)]
  0x000000001e85d000 JavaThread "container-0" [_thread_blocked, id=20784, stack(0x0000000024a10000,0x0000000024b10000)]
  0x000000001fa91800 JavaThread "ContainerBackgroundProcessor[StandardEngine[Tomcat]]" daemon [_thread_blocked, id=20748, stack(0x0000000024910000,0x0000000024a10000)]
  0x00000000220ee800 JavaThread "localhost-startStop-1" daemon [_thread_blocked, id=8252, stack(0x0000000024610000,0x0000000024710000)]
  0x000000001fef1800 JavaThread "Tomcat-startStop-1" daemon [_thread_blocked, id=16756, stack(0x0000000024510000,0x0000000024610000)]
  0x000000001dcf8000 JavaThread "Service Thread" daemon [_thread_blocked, id=20904, stack(0x000000001e5b0000,0x000000001e6b0000)]
  0x000000001c974000 JavaThread "C1 CompilerThread2" daemon [_thread_blocked, id=7396, stack(0x000000001e4b0000,0x000000001e5b0000)]
=>0x000000001c96d800 JavaThread "C2 CompilerThread1" daemon [_thread_in_native, id=9916, stack(0x000000001e3b0000,0x000000001e4b0000)]
  0x000000001c96b800 JavaThread "C2 CompilerThread0" daemon [_thread_in_native, id=12708, stack(0x000000001e2b0000,0x000000001e3b0000)]
  0x000000001dcf3800 JavaThread "Attach Listener" daemon [_thread_blocked, id=21644, stack(0x000000001e1b0000,0x000000001e2b0000)]
  0x000000001c957800 JavaThread "Signal Dispatcher" daemon [_thread_blocked, id=13476, stack(0x000000001e0b0000,0x000000001e1b0000)]
  0x000000000332b000 JavaThread "Finalizer" daemon [_thread_blocked, id=16152, stack(0x000000001dba0000,0x000000001dca0000)]
  0x0000000003328000 JavaThread "Reference Handler" daemon [_thread_blocked, id=5104, stack(0x000000001daa0000,0x000000001dba0000)]
  0x0000000003237800 JavaThread "main" [_thread_in_vm_trans, id=4332, stack(0x0000000003130000,0x0000000003230000)]

Other Threads:
  0x000000001c907000 VMThread [stack: 0x000000001d9a0000,0x000000001daa0000] [id=14648]
  0x000000001dd8e000 WatcherThread [stack: 0x000000001e6b0000,0x000000001e7b0000] [id=21068]

VM state:not at safepoint (normal execution)

VM Mutex/Monitor currently owned by a thread: None

Heap:
 PSYoungGen      total 118784K, used 85217K [0x000000076b180000, 0x0000000773080000, 0x00000007c0000000)
  eden space 108544K, 78% used [0x000000076b180000,0x00000007704b85f8,0x0000000771b80000)
  from space 10240K, 0% used [0x0000000772680000,0x0000000772680000,0x0000000773080000)
  to   space 10752K, 0% used [0x0000000771b80000,0x0000000771b80000,0x0000000772600000)
 ParOldGen       total 95744K, used 21227K [0x00000006c1400000, 0x00000006c7180000, 0x000000076b180000)
  object space 95744K, 22% used [0x00000006c1400000,0x00000006c28baea8,0x00000006c7180000)
 Metaspace       used 35729K, capacity 36150K, committed 36608K, reserved 1081344K
  class space    used 4391K, capacity 4498K, committed 4608K, reserved 1048576K

Card table byte_map: [0x00000000126f0000,0x0000000012ef0000] byte_map_base: 0x000000000f0e6000

Marking Bits: (ParMarkBitMap*) 0x000000006b4c3c10
 Begin Bits: [0x0000000013840000, 0x00000000177f0000)
 End Bits:   [0x00000000177f0000, 0x000000001b7a0000)

Polling page: 0x0000000000f70000

CodeCache: size=245760Kb used=14393Kb max_used=14393Kb free=231366Kb
 bounds [0x0000000003330000, 0x0000000004150000, 0x0000000012330000]
 total_blobs=4265 nmethods=3852 adapters=325
 compilation: enabled

Compilation events (10 events):
Event: 8.379 Thread 0x000000001c974000 4463       2       java.net.URLStreamHandler::sameFile (136 bytes)
Event: 8.379 Thread 0x000000001c974000 nmethod 4463 0x000000000414a1d0 code [0x000000000414a380, 0x000000000414a6c8]
Event: 8.380 Thread 0x000000001c974000 4464       2       org.springframework.core.BridgeMethodResolver::findBridgedMethod (110 bytes)
Event: 8.381 Thread 0x000000001c974000 nmethod 4464 0x000000000414a890 code [0x000000000414aa60, 0x000000000414b078]
Event: 8.381 Thread 0x000000001c974000 4466  s    2       sun.misc.URLClassPath::getNextLoader (88 bytes)
Event: 8.381 Thread 0x000000001c974000 nmethod 4466 0x000000000414b650 code [0x000000000414b800, 0x000000000414bda8]
Event: 8.381 Thread 0x000000001c974000 4465  s!   2       sun.misc.URLClassPath::getLoader (243 bytes)
Event: 8.382 Thread 0x000000001c974000 nmethod 4465 0x000000000414c150 code [0x000000000414c420, 0x000000000414d9c8]
Event: 8.393 Thread 0x000000001c974000 4472       2       java.util.regex.Matcher::appendTail (19 bytes)
Event: 8.394 Thread 0x000000001c974000 nmethod 4472 0x000000000414eb90 code [0x000000000414ed00, 0x000000000414f078]

GC Heap History (10 events):
Event: 5.252 GC heap before
{Heap before GC invocations=8 (full 1):
 PSYoungGen      total 118784K, used 114299K [0x000000076b180000, 0x0000000773080000, 0x00000007c0000000)
  eden space 108544K, 100% used [0x000000076b180000,0x0000000771b80000,0x0000000771b80000)
  from space 10240K, 56% used [0x0000000772680000,0x0000000772c1ef70,0x0000000773080000)
  to   space 10752K, 0% used [0x0000000771b80000,0x0000000771b80000,0x0000000772600000)
 ParOldGen       total 95744K, used 7351K [0x00000006c1400000, 0x00000006c7180000, 0x000000076b180000)
  object space 95744K, 7% used [0x00000006c1400000,0x00000006c1b2de70,0x00000006c7180000)
 Metaspace       used 29336K, capacity 29730K, committed 30208K, reserved 1075200K
  class space    used 3616K, capacity 3716K, committed 3840K, reserved 1048576K
Event: 5.261 GC heap after
Heap after GC invocations=8 (full 1):
 PSYoungGen      total 119296K, used 10183K [0x000000076b180000, 0x0000000773080000, 0x00000007c0000000)
  eden space 108544K, 0% used [0x000000076b180000,0x000000076b180000,0x0000000771b80000)
  from space 10752K, 94% used [0x0000000771b80000,0x0000000772571dd8,0x0000000772600000)
  to   space 10240K, 0% used [0x0000000772680000,0x0000000772680000,0x0000000773080000)
 ParOldGen       total 95744K, used 7359K [0x00000006c1400000, 0x00000006c7180000, 0x000000076b180000)
  object space 95744K, 7% used [0x00000006c1400000,0x00000006c1b2fe70,0x00000006c7180000)
 Metaspace       used 29336K, capacity 29730K, committed 30208K, reserved 1075200K
  class space    used 3616K, capacity 3716K, committed 3840K, reserved 1048576K
}
Event: 6.544 GC heap before
{Heap before GC invocations=9 (full 1):
 PSYoungGen      total 119296K, used 118727K [0x000000076b180000, 0x0000000773080000, 0x00000007c0000000)
  eden space 108544K, 100% used [0x000000076b180000,0x0000000771b80000,0x0000000771b80000)
  from space 10752K, 94% used [0x0000000771b80000,0x0000000772571dd8,0x0000000772600000)
  to   space 10240K, 0% used [0x0000000772680000,0x0000000772680000,0x0000000773080000)
 ParOldGen       total 95744K, used 7359K [0x00000006c1400000, 0x00000006c7180000, 0x000000076b180000)
  object space 95744K, 7% used [0x00000006c1400000,0x00000006c1b2fe70,0x00000006c7180000)
 Metaspace       used 33000K, capacity 33332K, committed 33664K, reserved 1079296K
  class space    used 4068K, capacity 4167K, committed 4224K, reserved 1048576K
Event: 6.561 GC heap after
Heap after GC invocations=9 (full 1):
 PSYoungGen      total 118784K, used 10230K [0x000000076b180000, 0x0000000773080000, 0x00000007c0000000)
  eden space 108544K, 0% used [0x000000076b180000,0x000000076b180000,0x0000000771b80000)
  from space 10240K, 99% used [0x0000000772680000,0x000000077307d940,0x0000000773080000)
  to   space 10752K, 0% used [0x0000000771b80000,0x0000000771b80000,0x0000000772600000)
 ParOldGen       total 95744K, used 13216K [0x00000006c1400000, 0x00000006c7180000, 0x000000076b180000)
  object space 95744K, 13% used [0x00000006c1400000,0x00000006c20e8378,0x00000006c7180000)
 Metaspace       used 33000K, capacity 33332K, committed 33664K, reserved 1079296K
  class space    used 4068K, capacity 4167K, committed 4224K, reserved 1048576K
}
Event: 7.074 GC heap before
{Heap before GC invocations=10 (full 1):
 PSYoungGen      total 118784K, used 118774K [0x000000076b180000, 0x0000000773080000, 0x00000007c0000000)
  eden space 108544K, 100% used [0x000000076b180000,0x0000000771b80000,0x0000000771b80000)
  from space 10240K, 99% used [0x0000000772680000,0x000000077307d940,0x0000000773080000)
  to   space 10752K, 0% used [0x0000000771b80000,0x0000000771b80000,0x0000000772600000)
 ParOldGen       total 95744K, used 13216K [0x00000006c1400000, 0x00000006c7180000, 0x000000076b180000)
  object space 95744K, 13% used [0x00000006c1400000,0x00000006c20e8378,0x00000006c7180000)
 Metaspace       used 34737K, capacity 35116K, committed 35456K, reserved 1081344K
  class space    used 4283K, capacity 4395K, committed 4480K, reserved 1048576K
Event: 7.090 GC heap after
Heap after GC invocations=10 (full 1):
 PSYoungGen      total 119296K, used 10720K [0x000000076b180000, 0x0000000773080000, 0x00000007c0000000)
  eden space 108544K, 0% used [0x000000076b180000,0x000000076b180000,0x0000000771b80000)
  from space 10752K, 99% used [0x0000000771b80000,0x00000007725f8010,0x0000000772600000)
  to   space 10240K, 0% used [0x0000000772680000,0x0000000772680000,0x0000000773080000)
 ParOldGen       total 95744K, used 17997K [0x00000006c1400000, 0x00000006c7180000, 0x000000076b180000)
  object space 95744K, 18% used [0x00000006c1400000,0x00000006c2593658,0x00000006c7180000)
 Metaspace       used 34737K, capacity 35116K, committed 35456K, reserved 1081344K
  class space    used 4283K, capacity 4395K, committed 4480K, reserved 1048576K
}
Event: 7.114 GC heap before
{Heap before GC invocations=11 (full 1):
 PSYoungGen      total 119296K, used 17942K [0x000000076b180000, 0x0000000773080000, 0x00000007c0000000)
  eden space 108544K, 6% used [0x000000076b180000,0x000000076b88da10,0x0000000771b80000)
  from space 10752K, 99% used [0x0000000771b80000,0x00000007725f8010,0x0000000772600000)
  to   space 10240K, 0% used [0x0000000772680000,0x0000000772680000,0x0000000773080000)
 ParOldGen       total 95744K, used 17997K [0x00000006c1400000, 0x00000006c7180000, 0x000000076b180000)
  object space 95744K, 18% used [0x00000006c1400000,0x00000006c2593658,0x00000006c7180000)
 Metaspace       used 34753K, capacity 35116K, committed 35456K, reserved 1081344K
  class space    used 4284K, capacity 4395K, committed 4480K, reserved 1048576K
Event: 7.124 GC heap after
Heap after GC invocations=11 (full 1):
 PSYoungGen      total 118784K, used 3168K [0x000000076b180000, 0x0000000773080000, 0x00000007c0000000)
  eden space 108544K, 0% used [0x000000076b180000,0x000000076b180000,0x0000000771b80000)
  from space 10240K, 30% used [0x0000000772680000,0x0000000772998000,0x0000000773080000)
  to   space 10752K, 0% used [0x0000000771b80000,0x0000000771b80000,0x0000000772600000)
 ParOldGen       total 95744K, used 25741K [0x00000006c1400000, 0x00000006c7180000, 0x000000076b180000)
  object space 95744K, 26% used [0x00000006c1400000,0x00000006c2d235d0,0x00000006c7180000)
 Metaspace       used 34753K, capacity 35116K, committed 35456K, reserved 1081344K
  class space    used 4284K, capacity 4395K, committed 4480K, reserved 1048576K
}
Event: 7.124 GC heap before
{Heap before GC invocations=12 (full 2):
 PSYoungGen      total 118784K, used 3168K [0x000000076b180000, 0x0000000773080000, 0x00000007c0000000)
  eden space 108544K, 0% used [0x000000076b180000,0x000000076b180000,0x0000000771b80000)
  from space 10240K, 30% used [0x0000000772680000,0x0000000772998000,0x0000000773080000)
  to   space 10752K, 0% used [0x0000000771b80000,0x0000000771b80000,0x0000000772600000)
 ParOldGen       total 95744K, used 25741K [0x00000006c1400000, 0x00000006c7180000, 0x000000076b180000)
  object space 95744K, 26% used [0x00000006c1400000,0x00000006c2d235d0,0x00000006c7180000)
 Metaspace       used 34753K, capacity 35116K, committed 35456K, reserved 1081344K
  class space    used 4284K, capacity 4395K, committed 4480K, reserved 1048576K
Event: 7.227 GC heap after
Heap after GC invocations=12 (full 2):
 PSYoungGen      total 118784K, used 0K [0x000000076b180000, 0x0000000773080000, 0x00000007c0000000)
  eden space 108544K, 0% used [0x000000076b180000,0x000000076b180000,0x0000000771b80000)
  from space 10240K, 0% used [0x0000000772680000,0x0000000772680000,0x0000000773080000)
  to   space 10752K, 0% used [0x0000000771b80000,0x0000000771b80000,0x0000000772600000)
 ParOldGen       total 95744K, used 21227K [0x00000006c1400000, 0x00000006c7180000, 0x000000076b180000)
  object space 95744K, 22% used [0x00000006c1400000,0x00000006c28baea8,0x00000006c7180000)
 Metaspace       used 34753K, capacity 35116K, committed 35456K, reserved 1081344K
  class space    used 4284K, capacity 4395K, committed 4480K, reserved 1048576K
}

Deoptimization events (10 events):
Event: 7.416 Thread 0x0000000003237800 Uncommon trap: reason=null_check action=make_not_entrant pc=0x0000000003ed72a8 method=org.springframework.util.ClassUtils.isAssignable(Ljava/lang/Class;Ljava/lang/Class;)Z @ 14
Event: 8.104 Thread 0x0000000003237800 Uncommon trap: reason=unstable_if action=reinterpret pc=0x0000000003a17d80 method=java.util.regex.Pattern$CharProperty$1.isSatisfiedBy(I)Z @ 8
Event: 8.104 Thread 0x0000000003237800 Uncommon trap: reason=unstable_if action=reinterpret pc=0x0000000003a739a8 method=java.util.regex.Pattern$CharProperty$1.isSatisfiedBy(I)Z @ 8
Event: 8.104 Thread 0x0000000003237800 Uncommon trap: reason=unstable_if action=reinterpret pc=0x0000000003c0ead4 method=org.springframework.util.StringUtils.changeFirstCharacterCase(Ljava/lang/String;Z)Ljava/lang/String; @ 34
Event: 8.111 Thread 0x0000000003237800 Uncommon trap: reason=bimorphic action=maybe_recompile pc=0x0000000003e45e7c method=java.net.URL.<init>(Ljava/net/URL;Ljava/lang/String;Ljava/net/URLStreamHandler;)V @ 504
Event: 8.111 Thread 0x0000000003237800 Uncommon trap: reason=class_check action=maybe_recompile pc=0x00000000035c6204 method=java.net.URLStreamHandler.parseURL(Ljava/net/URL;Ljava/lang/String;II)V @ 1189
Event: 8.111 Thread 0x0000000003237800 Uncommon trap: reason=bimorphic action=maybe_recompile pc=0x0000000003e45e7c method=java.net.URL.<init>(Ljava/net/URL;Ljava/lang/String;Ljava/net/URLStreamHandler;)V @ 504
Event: 8.111 Thread 0x0000000003237800 Uncommon trap: reason=class_check action=maybe_recompile pc=0x00000000035c6204 method=java.net.URLStreamHandler.parseURL(Ljava/net/URL;Ljava/lang/String;II)V @ 1189
Event: 8.340 Thread 0x0000000003237800 Uncommon trap: reason=unstable_if action=reinterpret pc=0x000000000355f274 method=org.springframework.boot.bind.DefaultPropertyNamePatternsMatcher.matches(Ljava/lang/String;)Z @ 112
Event: 8.340 Thread 0x0000000003237800 Uncommon trap: reason=unstable_if action=reinterpret pc=0x00000000036a932c method=org.springframework.boot.bind.DefaultPropertyNamePatternsMatcher.matches(Ljava/lang/String;)Z @ 112

Classes redefined (0 events):
No events

Internal exceptions (10 events):
Event: 8.395 Thread 0x0000000003237800 Exception <a 'java/lang/ClassNotFoundException': org/springframework/jmx/export/MBeanExportOperationsCustomizer> (0x000000076ff6f7b8) thrown at [C:\re\workspace\8-2-build-windows-amd64-cygwin\jdk8u172\10810\hotspot\src\share\vm\classfile\systemDictionary.
Event: 8.395 Thread 0x0000000003237800 Exception <a 'java/lang/ClassNotFoundException': org/springframework/beans/factory/BeanClassLoaderAwareCustomizer> (0x000000076ff90c50) thrown at [C:\re\workspace\8-2-build-windows-amd64-cygwin\jdk8u172\10810\hotspot\src\share\vm\classfile\systemDictionar
Event: 8.396 Thread 0x0000000003237800 Exception <a 'java/lang/ClassNotFoundException': org/springframework/beans/factory/BeanFactoryAwareCustomizer> (0x000000076ffafb70) thrown at [C:\re\workspace\8-2-build-windows-amd64-cygwin\jdk8u172\10810\hotspot\src\share\vm\classfile\systemDictionary.cp
Event: 8.396 Thread 0x0000000003237800 Exception <a 'java/lang/ClassNotFoundException': org/springframework/beans/factory/InitializingBeanCustomizer> (0x000000076ffceec8) thrown at [C:\re\workspace\8-2-build-windows-amd64-cygwin\jdk8u172\10810\hotspot\src\share\vm\classfile\systemDictionary.cp
Event: 8.396 Thread 0x0000000003237800 Exception <a 'java/lang/ClassNotFoundException': org/springframework/beans/factory/SmartInitializingSingletonCustomizer> (0x000000076fff07d8) thrown at [C:\re\workspace\8-2-build-windows-amd64-cygwin\jdk8u172\10810\hotspot\src\share\vm\classfile\systemDic
Event: 8.397 Thread 0x0000000003237800 Exception <a 'java/lang/ClassNotFoundException': org/springframework/beans/factory/DisposableBeanCustomizer> (0x000000077000d910) thrown at [C:\re\workspace\8-2-build-windows-amd64-cygwin\jdk8u172\10810\hotspot\src\share\vm\classfile\systemDictionary.cpp,
Event: 8.405 Thread 0x0000000003237800 Exception <a 'java/lang/ClassNotFoundException': java/lang/ObjectCustomizer> (0x00000007701f8998) thrown at [C:\re\workspace\8-2-build-windows-amd64-cygwin\jdk8u172\10810\hotspot\src\share\vm\classfile\systemDictionary.cpp, line 210]
Event: 8.405 Thread 0x0000000003237800 Exception <a 'java/lang/ClassNotFoundException': org/springframework/boot/autoconfigure/aop/AopAutoConfiguration$CglibAutoProxyConfigurationCustomizer> (0x0000000770228850) thrown at [C:\re\workspace\8-2-build-windows-amd64-cygwin\jdk8u172\10810\hotspot\s
Event: 8.406 Thread 0x0000000003237800 Exception <a 'java/lang/ClassNotFoundException': org/springframework/boot/autoconfigure/aop/AopAutoConfiguration$CglibAutoProxyConfiguration$$EnhancerBySpringCGLIB$$3a053237Customizer> (0x0000000770261270) thrown at [C:\re\workspace\8-2-build-windows-amd6
Event: 8.406 Thread 0x0000000003237800 Exception <a 'java/lang/ClassNotFoundException': org/springframework/context/annotation/ConfigurationClassEnhancer$EnhancedConfigurationCustomizer> (0x0000000770291a28) thrown at [C:\re\workspace\8-2-build-windows-amd64-cygwin\jdk8u172\10810\hotspot\src\s

Events (10 events):
Event: 8.405 loading class org/springframework/boot/autoconfigure/aop/AopAutoConfiguration$CglibAutoProxyConfiguration$$EnhancerBySpringCGLIB$$3a053237Customizer
Event: 8.405 loading class org/springframework/boot/autoconfigure/aop/AopAutoConfiguration$CglibAutoProxyConfiguration$$EnhancerBySpringCGLIB$$3a053237Customizer done
Event: 8.406 loading class org/springframework/boot/autoconfigure/aop/AopAutoConfiguration$CglibAutoProxyConfiguration$$EnhancerBySpringCGLIB$$3a053237Customizer
Event: 8.406 loading class org/springframework/boot/autoconfigure/aop/AopAutoConfiguration$CglibAutoProxyConfiguration$$EnhancerBySpringCGLIB$$3a053237Customizer done
Event: 8.406 loading class org/springframework/context/annotation/ConfigurationClassEnhancer$EnhancedConfigurationCustomizer
Event: 8.406 loading class org/springframework/context/annotation/ConfigurationClassEnhancer$EnhancedConfigurationCustomizer done
Event: 8.406 loading class org/springframework/context/annotation/ConfigurationClassEnhancer$EnhancedConfigurationCustomizer
Event: 8.406 loading class org/springframework/context/annotation/ConfigurationClassEnhancer$EnhancedConfigurationCustomizer done
Event: 8.406 loading class org/springframework/context/annotation/ConfigurationClassEnhancer$EnhancedConfigurationCustomizer
Event: 8.406 loading class org/springframework/context/annotation/ConfigurationClassEnhancer$EnhancedConfigurationCustomizer done


Dynamic libraries:
0x00007ff76b110000 - 0x00007ff76b147000 	C:\Program Files\Java\jdk1.8.0_172\bin\javaw.exe
0x00007ff9bf210000 - 0x00007ff9bf3fd000 	C:\WINDOWS\SYSTEM32\ntdll.dll
0x00007ff9bd440000 - 0x00007ff9bd4f3000 	C:\WINDOWS\System32\KERNEL32.DLL
0x00007ff9bb2e0000 - 0x00007ff9bb573000 	C:\WINDOWS\System32\KERNELBASE.dll
0x00007ff9bc670000 - 0x00007ff9bc713000 	C:\WINDOWS\System32\ADVAPI32.dll
0x00007ff9beda0000 - 0x00007ff9bee3e000 	C:\WINDOWS\System32\msvcrt.dll
0x00007ff9bd160000 - 0x00007ff9bd1fe000 	C:\WINDOWS\System32\sechost.dll
0x00007ff9bd500000 - 0x00007ff9bd622000 	C:\WINDOWS\System32\RPCRT4.dll
0x00007ff9bd2a0000 - 0x00007ff9bd437000 	C:\WINDOWS\System32\USER32.dll
0x00007ff9bc1e0000 - 0x00007ff9bc200000 	C:\WINDOWS\System32\win32u.dll
0x00007ff9bd130000 - 0x00007ff9bd159000 	C:\WINDOWS\System32\GDI32.dll
0x00007ff9bc2a0000 - 0x00007ff9bc43a000 	C:\WINDOWS\System32\gdi32full.dll
0x00007ff9bc200000 - 0x00007ff9bc2a0000 	C:\WINDOWS\System32\msvcp_win.dll
0x00007ff9bc060000 - 0x00007ff9bc15a000 	C:\WINDOWS\System32\ucrtbase.dll
0x00007ff9af1b0000 - 0x00007ff9af429000 	C:\WINDOWS\WinSxS\amd64_microsoft.windows.common-controls_6595b64144ccf1df_6.0.17763.437_none_05b63dca071e5dd6\COMCTL32.dll
0x00007ff9bc780000 - 0x00007ff9bcaac000 	C:\WINDOWS\System32\combase.dll
0x00007ff9bc160000 - 0x00007ff9bc1de000 	C:\WINDOWS\System32\bcryptPrimitives.dll
0x00007ff9bc570000 - 0x00007ff9bc59e000 	C:\WINDOWS\System32\IMM32.DLL
0x000000006aaf0000 - 0x000000006abc2000 	C:\Program Files\Java\jdk1.8.0_172\jre\bin\msvcr100.dll
0x000000006aca0000 - 0x000000006b543000 	C:\Program Files\Java\jdk1.8.0_172\jre\bin\server\jvm.dll
0x00007ff9bd200000 - 0x00007ff9bd208000 	C:\WINDOWS\System32\PSAPI.DLL
0x00007ff9aee90000 - 0x00007ff9aee99000 	C:\WINDOWS\SYSTEM32\WSOCK32.dll
0x00007ff9b9370000 - 0x00007ff9b9394000 	C:\WINDOWS\SYSTEM32\WINMM.dll
0x00007ff9bcab0000 - 0x00007ff9bcb1d000 	C:\WINDOWS\System32\WS2_32.dll
0x00007ff9b2730000 - 0x00007ff9b273a000 	C:\WINDOWS\SYSTEM32\VERSION.dll
0x00007ff9b9340000 - 0x00007ff9b936d000 	C:\WINDOWS\SYSTEM32\winmmbase.dll
0x00007ff9bc010000 - 0x00007ff9bc05a000 	C:\WINDOWS\System32\cfgmgr32.dll
0x000000006bbe0000 - 0x000000006bbef000 	C:\Program Files\Java\jdk1.8.0_172\jre\bin\verify.dll
0x000000006bbb0000 - 0x000000006bbd9000 	C:\Program Files\Java\jdk1.8.0_172\jre\bin\java.dll
0x000000006bb90000 - 0x000000006bba6000 	C:\Program Files\Java\jdk1.8.0_172\jre\bin\zip.dll
0x00007ff9bd8b0000 - 0x00007ff9beda0000 	C:\WINDOWS\System32\SHELL32.dll
0x00007ff9bd630000 - 0x00007ff9bd6d8000 	C:\WINDOWS\System32\shcore.dll
0x00007ff9bb7c0000 - 0x00007ff9bbf0a000 	C:\WINDOWS\System32\windows.storage.dll
0x00007ff9bb2b0000 - 0x00007ff9bb2d4000 	C:\WINDOWS\System32\profapi.dll
0x00007ff9bb250000 - 0x00007ff9bb2ad000 	C:\WINDOWS\System32\powrprof.dll
0x00007ff9bd6e0000 - 0x00007ff9bd732000 	C:\WINDOWS\System32\shlwapi.dll
0x00007ff9bb210000 - 0x00007ff9bb221000 	C:\WINDOWS\System32\kernel.appcore.dll
0x00007ff9bbf10000 - 0x00007ff9bbf27000 	C:\WINDOWS\System32\cryptsp.dll
0x000000006bb70000 - 0x000000006bb8a000 	C:\Program Files\Java\jdk1.8.0_172\jre\bin\net.dll
0x00007ff9baa00000 - 0x00007ff9baa67000 	C:\WINDOWS\system32\mswsock.dll
0x00007ff9ba760000 - 0x00007ff9ba79d000 	C:\WINDOWS\SYSTEM32\IPHLPAPI.DLL
0x00007ff9beec0000 - 0x00007ff9beec8000 	C:\WINDOWS\System32\NSI.dll
0x00007ff9b30a0000 - 0x00007ff9b30b6000 	C:\WINDOWS\SYSTEM32\dhcpcsvc6.DLL
0x00007ff9b3030000 - 0x00007ff9b304c000 	C:\WINDOWS\SYSTEM32\dhcpcsvc.DLL
0x00007ff9ba7a0000 - 0x00007ff9ba866000 	C:\WINDOWS\SYSTEM32\DNSAPI.dll
0x00007ff9b0ef0000 - 0x00007ff9b0efa000 	C:\Windows\System32\rasadhlp.dll
0x000000006b9e0000 - 0x000000006b9ed000 	C:\Program Files\Java\jdk1.8.0_172\jre\bin\management.dll
0x00007ff9acfd0000 - 0x00007ff9acfe6000 	C:\WINDOWS\system32\napinsp.dll
0x00007ff9acfb0000 - 0x00007ff9acfca000 	C:\WINDOWS\system32\pnrpnsp.dll
0x00007ff9acf60000 - 0x00007ff9acf6e000 	C:\WINDOWS\System32\winrnr.dll
0x00007ff9b7aa0000 - 0x00007ff9b7abb000 	C:\WINDOWS\system32\NLAapi.dll
0x00007ff9acf40000 - 0x00007ff9acf55000 	C:\WINDOWS\system32\wshbth.dll
0x00007ff9b2dc0000 - 0x00007ff9b2e39000 	C:\WINDOWS\System32\fwpuclnt.dll
0x00007ff9bbfe0000 - 0x00007ff9bc006000 	C:\WINDOWS\System32\bcrypt.dll
0x000000006bb50000 - 0x000000006bb61000 	C:\Program Files\Java\jdk1.8.0_172\jre\bin\nio.dll
0x00007ff9ba5c0000 - 0x00007ff9ba5f3000 	C:\WINDOWS\system32\rsaenh.dll
0x00007ff9bb140000 - 0x00007ff9bb168000 	C:\WINDOWS\SYSTEM32\USERENV.dll
0x00007ff9babd0000 - 0x00007ff9babdc000 	C:\WINDOWS\SYSTEM32\CRYPTBASE.dll

VM Arguments:
jvm_args: -Dfile.encoding=UTF-8 
java_command: com.neo.ProducerApplication
java_class_path (initial): D:\GitHub\spring-cloud-examples\spring-cloud-sleuth-zipkin\spring-cloud-producer\target\classes;C:\Users\dingjianmin\.m2\repository\org\springframework\cloud\spring-cloud-starter-eureka\1.4.2.RELEASE\spring-cloud-starter-eureka-1.4.2.RELEASE.jar;C:\Users\dingjianmin\.m2\repository\org\springframework\cloud\spring-cloud-starter-netflix-eureka-client\1.4.2.RELEASE\spring-cloud-starter-netflix-eureka-client-1.4.2.RELEASE.jar;C:\Users\dingjianmin\.m2\repository\org\springframework\boot\spring-boot-starter-web\1.5.9.RELEASE\spring-boot-starter-web-1.5.9.RELEASE.jar;C:\Users\dingjianmin\.m2\repository\org\springframework\boot\spring-boot-starter\1.5.9.RELEASE\spring-boot-starter-1.5.9.RELEASE.jar;C:\Users\dingjianmin\.m2\repository\org\springframework\boot\spring-boot-starter-logging\1.5.9.RELEASE\spring-boot-starter-logging-1.5.9.RELEASE.jar;C:\Users\dingjianmin\.m2\repository\ch\qos\logback\logback-classic\1.1.11\logback-classic-1.1.11.jar;C:\Users\dingjianmin\.m2\repository\ch\qos\logback\logback-core\1.1.11\logback-core-1.1.11.jar;C:\Users\dingjianmin\.m2\repository\org\slf4j\jcl-over-slf4j\1.7.25\jcl-over-slf4j-1.7.25.jar;C:\Users\dingjianmin\.m2\repository\org\slf4j\jul-to-slf4j\1.7.25\jul-to-slf4j-1.7.25.jar;C:\Users\dingjianmin\.m2\repository\org\slf4j\log4j-over-slf4j\1.7.25\log4j-over-slf4j-1.7.25.jar;C:\Users\dingjianmin\.m2\repository\org\yaml\snakeyaml\1.17\snakeyaml-1.17.jar;C:\Users\dingjianmin\.m2\repository\org\springframework\boot\spring-boot-starter-tomcat\1.5.9.RELEASE\spring-boot-starter-tomcat-1.5.9.RELEASE.jar;C:\Users\dingjianmin\.m2\repository\org\apache\tomcat\embed\tomcat-embed-core\8.5.23\tomcat-embed-core-8.5.23.jar;C:\Users\dingjianmin\.m2\repository\org\apache\tomcat\tomcat-annotations-api\8.5.23\tomcat-annotations-api-8.5.23.jar;C:\Users\dingjianmin\.m2\repository\org\apache\tomcat\embed\tomcat-embed-el\8.5.23\tomcat-embed-el-8.5.23.jar;C:\Users\dingjianmin\.m2\repository\org\apache\tomcat\embed\tomcat-embed-web
Launcher Type: SUN_STANDARD

Environment Variables:
JAVA_HOME=C:\Program Files\Java\jdk1.8.0_172
CLASSPATH=.;C:\Program Files\Java\jdk1.8.0_172\lib;C:\Program Files\Java\jdk1.8.0_172\lib\tools.jar
PATH=C:/Program Files/Java/jdk1.8.0_172/bin/../jre/bin/server;C:/Program Files/Java/jdk1.8.0_172/bin/../jre/bin;C:/Program Files/Java/jdk1.8.0_172/bin/../jre/lib/amd64;C:\WINDOWS\system32;C:\WINDOWS;C:\WINDOWS\System32\Wbem;C:\WINDOWS\System32\WindowsPowerShell\v1.0\;C:\Program Files\Java\jdk1.8.0_172\bin;C:\Program Files\Java\jdk1.8.0_172\jre\bin;D:\apache-maven-3.3.9\bin;D:\Git\Git\cmd;C:\Program Files\TortoiseSVN\bin;C:\Program Files (x86)\GitExtensions\;C:\WINDOWS\System32\OpenSSH\;D:\Mysql\mysql-5.6.40-winx64\bin;C:\Program Files\MySQL\MySQL Server 5.6\bin\;C:\Program Files\gradle-5.5.1\bin;C:\Users\dingjianmin\AppData\Local\Programs\Python\Python37\Scripts\;C:\Users\dingjianmin\AppData\Local\Programs\Python\Python37\;C:\Users\dingjianmin\AppData\Local\Microsoft\WindowsApps;;D:\fiddler2\Fiddler;%USERPROFILE%\AppData\Local\Microsoft\WindowsApps;D:\eclipse;
USERNAME=dingjianmin
OS=Windows_NT
PROCESSOR_IDENTIFIER=Intel64 Family 6 Model 60 Stepping 3, GenuineIntel



---------------  S Y S T E M  ---------------

OS: Windows 10.0 , 64 bit Build 17763 (10.0.17763.437)

CPU:total 4 (initial active 4) (4 cores per cpu, 1 threads per core) family 6 model 60 stepping 3, cmov, cx8, fxsr, mmx, sse, sse2, sse3, ssse3, sse4.1, sse4.2, popcnt, avx, avx2, aes, clmul, erms, lzcnt, tsc, tscinvbit, bmi1, bmi2

Memory: 4k page, physical 16693720k(4623188k free), swap 24445564k(5600k free)

vm_info: Java HotSpot(TM) 64-Bit Server VM (25.172-b11) for windows-amd64 JRE (1.8.0_172-b11), built on Mar 28 2018 21:21:52 by "java_re" with MS VC++ 10.0 (VS2010)

time: Tue Jul 23 11:52:28 2019
elapsed time: 8 seconds (0d 0h 0m 8s)

